<?xml version="1.0" encoding="UTF-8" ?>
<testsuite tests="5" failures="0" name="pl.kkisiel.java.CarRentalTest" time="1.978" errors="0" skipped="0">
  <properties>
    <property name="java.runtime.name" value="Java(TM) SE Runtime Environment"/>
    <property name="sun.boot.library.path" value="F:\Program files\Java\jdk1.8.0_121\jre\bin"/>
    <property name="java.vm.version" value="25.121-b13"/>
    <property name="java.vm.vendor" value="Oracle Corporation"/>
    <property name="java.vendor.url" value="http://java.oracle.com/"/>
    <property name="path.separator" value=";"/>
    <property name="java.vm.name" value="Java HotSpot(TM) 64-Bit Server VM"/>
    <property name="file.encoding.pkg" value="sun.io"/>
    <property name="user.script" value=""/>
    <property name="user.country" value="PL"/>
    <property name="sun.java.launcher" value="SUN_STANDARD"/>
    <property name="sun.os.patch.level" value="Service Pack 1"/>
    <property name="java.vm.specification.name" value="Java Virtual Machine Specification"/>
    <property name="user.dir" value="F:\Java\AplikacjaZaliczenieJava01\Aplikacja"/>
    <property name="java.runtime.version" value="1.8.0_121-b13"/>
    <property name="java.awt.graphicsenv" value="sun.awt.Win32GraphicsEnvironment"/>
    <property name="basedir" value="F:\Java\AplikacjaZaliczenieJava01\Aplikacja"/>
    <property name="java.endorsed.dirs" value="F:\Program files\Java\jdk1.8.0_121\jre\lib\endorsed"/>
    <property name="os.arch" value="amd64"/>
    <property name="surefire.real.class.path" value="F:\Java\AplikacjaZaliczenieJava01\Aplikacja\target\surefire\surefirebooter1851125462910149907.jar"/>
    <property name="java.io.tmpdir" value="C:\Users\kkisiel\AppData\Local\Temp\"/>
    <property name="line.separator" value="
"/>
    <property name="java.vm.specification.vendor" value="Oracle Corporation"/>
    <property name="user.variant" value=""/>
    <property name="os.name" value="Windows 7"/>
    <property name="sun.jnu.encoding" value="Cp1250"/>
    <property name="java.library.path" value="F:\Program files\Java\jdk1.8.0_121\jre\bin;C:\Windows\Sun\Java\bin;C:\Windows\system32;C:\Windows;C:/Program Files/Java/jre1.8.0_121/bin/server;C:/Program Files/Java/jre1.8.0_121/bin;C:/Program Files/Java/jre1.8.0_121/lib/amd64;C:\ProgramData\Oracle\Java\javapath;F:\Program Files (x86)\Python35-32\Scripts\;F:\Program Files (x86)\Python35-32\;C:\Program Files (x86)\Intel\iCLS Client\;C:\Program Files\Intel\iCLS Client\;C:\Windows\system32;C:\Windows;C:\Windows\System32\Wbem;C:\Windows\System32\WindowsPowerShell\v1.0\;C:\Program Files\Intel\WiFi\bin\;C:\Program Files\Common Files\Intel\WirelessCommon\;C:\Program Files (x86)\Intel\Intel(R) Management Engine Components\DAL;C:\Program Files\Intel\Intel(R) Management Engine Components\DAL;C:\Program Files (x86)\Intel\Intel(R) Management Engine Components\IPT;C:\Program Files\Intel\Intel(R) Management Engine Components\IPT;C:\Program Files (x86)\NVIDIA Corporation\PhysX\Common;F:\Program Files\Microsoft SQL Server\Client SDK\ODBC\110\Tools\Binn\;F:\Program Files (x86)\Microsoft SQL Server\120\Tools\Binn\;F:\Program Files\Microsoft SQL Server\120\Tools\Binn\;F:\Program Files\Microsoft SQL Server\120\DTS\Binn\;F:\Program Files (x86)\Microsoft SQL Server\120\Tools\Binn\ManagementStudio\;F:\Program Files (x86)\Microsoft SQL Server\120\DTS\Binn\;C:\Program Files (x86)\Microsoft ASP.NET\ASP.NET Web Pages\v1.0\;F:\Program Files\Microsoft SQL Server\110\Tools\Binn\;C:\Program Files (x86)\Skype\Phone\;F:\Program Files\Microsoft SQL Server\130\Tools\Binn\;C:\Program Files\Microsoft\Web Platform Installer\;C:\Program Files (x86)\Windows Kits\8.1\Windows Performance Toolkit\;C:\Program Files (x86)\Microsoft Visual Studio 12.0\Common7\IDE\PrivateAssemblies\;F:\Pliki programÃ³w (x86)\WinSCP\;F:\Program Files\TortoiseSVN\bin;%DERBY_PATH%\bin;F:\Program files\apache-maven-3.3.9\bin;C:\Users\kkisiel\AppData\Local\atom\bin;F:\Program files\Java\jdk1.8.0_121\bin;F:\Instalki\eclipse-jee-juno-SR2-win32-x86_64\eclipse;;."/>
    <property name="surefire.test.class.path" value="F:\Java\AplikacjaZaliczenieJava01\Aplikacja\target\test-classes;F:\Java\AplikacjaZaliczenieJava01\Aplikacja\target\classes;C:\Users\kkisiel\.m2\repository\junit\junit\3.8.1\junit-3.8.1.jar;C:\Users\kkisiel\.m2\repository\com\mysql\jdbc\mySql514\5.1.40\mySql514-5.1.40.jar;"/>
    <property name="java.specification.name" value="Java Platform API Specification"/>
    <property name="java.class.version" value="52.0"/>
    <property name="sun.management.compiler" value="HotSpot 64-Bit Tiered Compilers"/>
    <property name="os.version" value="6.1"/>
    <property name="user.home" value="C:\Users\kkisiel"/>
    <property name="user.timezone" value="Europe/Belgrade"/>
    <property name="java.awt.printerjob" value="sun.awt.windows.WPrinterJob"/>
    <property name="java.specification.version" value="1.8"/>
    <property name="file.encoding" value="Cp1250"/>
    <property name="user.name" value="kkisiel"/>
    <property name="java.class.path" value="F:\Java\AplikacjaZaliczenieJava01\Aplikacja\target\test-classes;F:\Java\AplikacjaZaliczenieJava01\Aplikacja\target\classes;C:\Users\kkisiel\.m2\repository\junit\junit\3.8.1\junit-3.8.1.jar;C:\Users\kkisiel\.m2\repository\com\mysql\jdbc\mySql514\5.1.40\mySql514-5.1.40.jar;"/>
    <property name="java.vm.specification.version" value="1.8"/>
    <property name="sun.arch.data.model" value="64"/>
    <property name="java.home" value="F:\Program files\Java\jdk1.8.0_121\jre"/>
    <property name="sun.java.command" value="F:\Java\AplikacjaZaliczenieJava01\Aplikacja\target\surefire\surefirebooter1851125462910149907.jar F:\Java\AplikacjaZaliczenieJava01\Aplikacja\target\surefire\surefire5783145190763500276tmp F:\Java\AplikacjaZaliczenieJava01\Aplikacja\target\surefire\surefire1744886523008825321tmp"/>
    <property name="java.specification.vendor" value="Oracle Corporation"/>
    <property name="user.language" value="pl"/>
    <property name="awt.toolkit" value="sun.awt.windows.WToolkit"/>
    <property name="java.vm.info" value="mixed mode"/>
    <property name="java.version" value="1.8.0_121"/>
    <property name="java.ext.dirs" value="F:\Program files\Java\jdk1.8.0_121\jre\lib\ext;C:\Windows\Sun\Java\lib\ext"/>
    <property name="sun.boot.class.path" value="F:\Program files\Java\jdk1.8.0_121\jre\lib\resources.jar;F:\Program files\Java\jdk1.8.0_121\jre\lib\rt.jar;F:\Program files\Java\jdk1.8.0_121\jre\lib\sunrsasign.jar;F:\Program files\Java\jdk1.8.0_121\jre\lib\jsse.jar;F:\Program files\Java\jdk1.8.0_121\jre\lib\jce.jar;F:\Program files\Java\jdk1.8.0_121\jre\lib\charsets.jar;F:\Program files\Java\jdk1.8.0_121\jre\lib\jfr.jar;F:\Program files\Java\jdk1.8.0_121\jre\classes"/>
    <property name="java.vendor" value="Oracle Corporation"/>
    <property name="localRepository" value="C:\Users\kkisiel\.m2\repository"/>
    <property name="file.separator" value="\"/>
    <property name="java.vendor.url.bug" value="http://bugreport.sun.com/bugreport/"/>
    <property name="sun.cpu.endian" value="little"/>
    <property name="sun.io.unicode.encoding" value="UnicodeLittle"/>
    <property name="sun.desktop" value="windows"/>
    <property name="sun.cpu.isalist" value="amd64"/>
  </properties>
  <testcase classname="pl.kkisiel.java.CarRentalTest" name="testKrzysztofKisiel" time="0.588"/>
  <testcase classname="pl.kkisiel.java.CarRentalTest" name="testCountLoans" time="0.382"/>
  <testcase classname="pl.kkisiel.java.CarRentalTest" name="testFordFocus" time="0.336"/>
  <testcase classname="pl.kkisiel.java.CarRentalTest" name="testTest" time="0.335"/>
  <testcase classname="pl.kkisiel.java.CarRentalTest" name="testAmount" time="0.328"/>
</testsuite>